<?xml version="1.0" encoding="UTF-8"?>
<testsuite xmlns:xsi="http://www.w3.org/2001/XMLSchema-instance" xsi:noNamespaceSchemaLocation="https://maven.apache.org/surefire/maven-surefire-plugin/xsd/surefire-test-report-3.0.xsd" version="3.0" name="de.bund.bva.isyfact.shop.service.rest.security.PublicResourceTest" time="0.278" tests="2" errors="0" skipped="0" failures="0">
  <properties>
[...]
</properties>
  <testcase name="testPublicResourceWithoutAuthentication" classname="de.bund.bva.isyfact.shop.service.rest.security.PublicResourceTest" time="0.072">
    <system-out><![CDATA[2024-05-16 16:10:37.303  INFO 10112 --- [           main] .b.t.c.SpringBootTestContextBootstrapper : Neither @ContextConfiguration nor @ContextHierarchy found for test class [de.bund.bva.isyfact.shop.service.rest.security.PublicResourceTest], using SpringBootContextLoader
2024-05-16 16:10:37.303  INFO 10112 --- [           main] o.s.t.c.support.AbstractContextLoader    : Could not detect default resource locations for test class [de.bund.bva.isyfact.shop.service.rest.security.PublicResourceTest]: no resource found for suffixes {-context.xml, Context.groovy}.
2024-05-16 16:10:37.307  INFO 10112 --- [           main] .b.t.c.SpringBootTestContextBootstrapper : Loaded default TestExecutionListener class names from location [META-INF/spring.factories]: [org.springframework.boot.test.autoconfigure.restdocs.RestDocsTestExecutionListener, org.springframework.boot.test.autoconfigure.web.client.MockRestServiceServerResetTestExecutionListener, org.springframework.boot.test.autoconfigure.web.servlet.MockMvcPrintOnlyOnFailureTestExecutionListener, org.springframework.boot.test.autoconfigure.web.servlet.WebDriverTestExecutionListener, org.springframework.boot.test.autoconfigure.webservices.client.MockWebServiceServerTestExecutionListener, org.springframework.boot.test.mock.mockito.MockitoTestExecutionListener, org.springframework.boot.test.mock.mockito.ResetMocksTestExecutionListener, org.springframework.test.context.web.ServletTestExecutionListener, org.springframework.test.context.support.DirtiesContextBeforeModesTestExecutionListener, org.springframework.test.context.event.ApplicationEventsTestExecutionListener, org.springframework.test.context.support.DependencyInjectionTestExecutionListener, org.springframework.test.context.support.DirtiesContextTestExecutionListener, org.springframework.test.context.transaction.TransactionalTestExecutionListener, org.springframework.test.context.jdbc.SqlScriptsTestExecutionListener, org.springframework.test.context.event.EventPublishingTestExecutionListener]
2024-05-16 16:10:37.308  INFO 10112 --- [           main] .b.t.c.SpringBootTestContextBootstrapper : Using TestExecutionListeners: [org.springframework.test.context.web.ServletTestExecutionListener@3b75fdd0, org.springframework.test.context.support.DirtiesContextBeforeModesTestExecutionListener@504f2bcd, org.springframework.test.context.event.ApplicationEventsTestExecutionListener@3c7e7ffd, org.springframework.boot.test.mock.mockito.MockitoTestExecutionListener@45d28ab7, org.springframework.boot.test.autoconfigure.SpringBootDependencyInjectionTestExecutionListener@51dd74a0, org.springframework.test.context.support.DirtiesContextTestExecutionListener@78652c15, org.springframework.test.context.transaction.TransactionalTestExecutionListener@372b2573, org.springframework.test.context.jdbc.SqlScriptsTestExecutionListener@66fd9613, org.springframework.test.context.event.EventPublishingTestExecutionListener@5c3f9618, org.springframework.boot.test.autoconfigure.restdocs.RestDocsTestExecutionListener@deb0c0e, org.springframework.boot.test.autoconfigure.web.client.MockRestServiceServerResetTestExecutionListener@6385b07d, org.springframework.boot.test.autoconfigure.web.servlet.MockMvcPrintOnlyOnFailureTestExecutionListener@6942ff10, org.springframework.boot.test.autoconfigure.web.servlet.WebDriverTestExecutionListener@49ed3b76, org.springframework.boot.test.autoconfigure.webservices.client.MockWebServiceServerTestExecutionListener@1c33d539, org.springframework.boot.test.mock.mockito.ResetMocksTestExecutionListener@527b989a]
Hibernate: select produkt0_.id as id1_0_0_, produkt0_.beschreibung as beschrei2_0_0_, produkt0_.name as name3_0_0_ from produkt produkt0_ where produkt0_.id=?
]]></system-out>
  </testcase>
  <testcase name="testPublicResourceWithAuthoutAuthentication" classname="de.bund.bva.isyfact.shop.service.rest.security.PublicResourceTest" time="0.197">
    <system-out><![CDATA[Hibernate: select produkt0_.id as id1_0_0_, produkt0_.beschreibung as beschrei2_0_0_, produkt0_.name as name3_0_0_ from produkt produkt0_ where produkt0_.id=?
]]></system-out>
  </testcase>
</testsuite>