<?xml version="1.0" encoding="UTF-8"?>
<testsuite xmlns:xsi="http://www.w3.org/2001/XMLSchema-instance" xsi:noNamespaceSchemaLocation="https://maven.apache.org/surefire/maven-surefire-plugin/xsd/surefire-test-report-3.0.xsd" version="3.0" name="de.bund.bva.isyfact.shop.service.rest.security.AuthenticationManagerTest" time="8.875" tests="4" errors="0" skipped="0" failures="0">
  <properties>
[...]
</properties>
  <testcase name="testAuthenticateAsRegisteredClient" classname="de.bund.bva.isyfact.shop.service.rest.security.AuthenticationManagerTest" time="1.01">
    <system-out><![CDATA[10:56:31.085 [main] DEBUG org.springframework.test.context.BootstrapUtils - Instantiating CacheAwareContextLoaderDelegate from class [org.springframework.test.context.cache.DefaultCacheAwareContextLoaderDelegate]
10:56:31.094 [main] DEBUG org.springframework.test.context.BootstrapUtils - Instantiating BootstrapContext using constructor [public org.springframework.test.context.support.DefaultBootstrapContext(java.lang.Class,org.springframework.test.context.CacheAwareContextLoaderDelegate)]
10:56:31.129 [main] DEBUG org.springframework.test.context.BootstrapUtils - Instantiating TestContextBootstrapper for test class [de.bund.bva.isyfact.shop.service.rest.security.AuthenticationManagerTest] from class [org.springframework.boot.test.context.SpringBootTestContextBootstrapper]
10:56:31.140 [main] INFO org.springframework.boot.test.context.SpringBootTestContextBootstrapper - Neither @ContextConfiguration nor @ContextHierarchy found for test class [de.bund.bva.isyfact.shop.service.rest.security.AuthenticationManagerTest], using SpringBootContextLoader
10:56:31.143 [main] DEBUG org.springframework.test.context.support.AbstractContextLoader - Did not detect default resource location for test class [de.bund.bva.isyfact.shop.service.rest.security.AuthenticationManagerTest]: class path resource [de/bund/bva/isyfact/shop/service/rest/security/AuthenticationManagerTest-context.xml] does not exist
10:56:31.144 [main] DEBUG org.springframework.test.context.support.AbstractContextLoader - Did not detect default resource location for test class [de.bund.bva.isyfact.shop.service.rest.security.AuthenticationManagerTest]: class path resource [de/bund/bva/isyfact/shop/service/rest/security/AuthenticationManagerTestContext.groovy] does not exist
10:56:31.144 [main] INFO org.springframework.test.context.support.AbstractContextLoader - Could not detect default resource locations for test class [de.bund.bva.isyfact.shop.service.rest.security.AuthenticationManagerTest]: no resource found for suffixes {-context.xml, Context.groovy}.
10:56:31.191 [main] DEBUG org.springframework.test.context.support.ActiveProfilesUtils - Could not find an 'annotation declaring class' for annotation type [org.springframework.test.context.ActiveProfiles] and class [de.bund.bva.isyfact.shop.service.rest.security.AuthenticationManagerTest]
10:56:31.326 [main] DEBUG org.springframework.boot.test.context.SpringBootTestContextBootstrapper - @TestExecutionListeners is not present for class [de.bund.bva.isyfact.shop.service.rest.security.AuthenticationManagerTest]: using defaults.
10:56:31.326 [main] INFO org.springframework.boot.test.context.SpringBootTestContextBootstrapper - Loaded default TestExecutionListener class names from location [META-INF/spring.factories]: [org.springframework.boot.test.autoconfigure.restdocs.RestDocsTestExecutionListener, org.springframework.boot.test.autoconfigure.web.client.MockRestServiceServerResetTestExecutionListener, org.springframework.boot.test.autoconfigure.web.servlet.MockMvcPrintOnlyOnFailureTestExecutionListener, org.springframework.boot.test.autoconfigure.web.servlet.WebDriverTestExecutionListener, org.springframework.boot.test.autoconfigure.webservices.client.MockWebServiceServerTestExecutionListener, org.springframework.boot.test.mock.mockito.MockitoTestExecutionListener, org.springframework.boot.test.mock.mockito.ResetMocksTestExecutionListener, org.springframework.test.context.web.ServletTestExecutionListener, org.springframework.test.context.support.DirtiesContextBeforeModesTestExecutionListener, org.springframework.test.context.event.ApplicationEventsTestExecutionListener, org.springframework.test.context.support.DependencyInjectionTestExecutionListener, org.springframework.test.context.support.DirtiesContextTestExecutionListener, org.springframework.test.context.transaction.TransactionalTestExecutionListener, org.springframework.test.context.jdbc.SqlScriptsTestExecutionListener, org.springframework.test.context.event.EventPublishingTestExecutionListener]
10:56:31.345 [main] INFO org.springframework.boot.test.context.SpringBootTestContextBootstrapper - Using TestExecutionListeners: [org.springframework.test.context.web.ServletTestExecutionListener@16ce702d, org.springframework.test.context.support.DirtiesContextBeforeModesTestExecutionListener@7b94089b, org.springframework.test.context.event.ApplicationEventsTestExecutionListener@7ca20101, org.springframework.boot.test.mock.mockito.MockitoTestExecutionListener@47f9738, org.springframework.boot.test.autoconfigure.SpringBootDependencyInjectionTestExecutionListener@6155d082, org.springframework.test.context.support.DirtiesContextTestExecutionListener@3a5ecce3, org.springframework.test.context.transaction.TransactionalTestExecutionListener@561868a0, org.springframework.test.context.jdbc.SqlScriptsTestExecutionListener@2ea6e30c, org.springframework.test.context.event.EventPublishingTestExecutionListener@6138e79a, org.springframework.boot.test.autoconfigure.restdocs.RestDocsTestExecutionListener@2dcd168a, org.springframework.boot.test.autoconfigure.web.client.MockRestServiceServerResetTestExecutionListener@388526fb, org.springframework.boot.test.autoconfigure.web.servlet.MockMvcPrintOnlyOnFailureTestExecutionListener@21a21c64, org.springframework.boot.test.autoconfigure.web.servlet.WebDriverTestExecutionListener@7803bfd, org.springframework.boot.test.autoconfigure.webservices.client.MockWebServiceServerTestExecutionListener@42bc14c1, org.springframework.boot.test.mock.mockito.ResetMocksTestExecutionListener@531f4093]
10:56:31.349 [main] DEBUG org.springframework.test.context.support.AbstractDirtiesContextTestExecutionListener - Before test class: context [DefaultTestContext@6995bf68 testClass = AuthenticationManagerTest, testInstance = [null], testMethod = [null], testException = [null], mergedContextConfiguration = [WebMergedContextConfiguration@5143c662 testClass = AuthenticationManagerTest, locations = '{}', classes = '{class de.bund.bva.isyfact.shop.RestApplicationRW}', contextInitializerClasses = '[]', activeProfiles = '{}', propertySourceLocations = '{}', propertySourceProperties = '{org.springframework.boot.test.context.SpringBootTestContextBootstrapper=true}', contextCustomizers = set[org.springframework.boot.test.autoconfigure.actuate.metrics.MetricsExportContextCustomizerFactory$DisableMetricExportContextCustomizer@6b695b06, org.springframework.boot.test.autoconfigure.properties.PropertyMappingContextCustomizer@0, org.springframework.boot.test.autoconfigure.web.servlet.WebDriverContextCustomizerFactory$Customizer@55cb6996, org.springframework.boot.test.context.filter.ExcludeFilterContextCustomizer@26abb146, org.springframework.boot.test.json.DuplicateJsonObjectContextCustomizerFactory$DuplicateJsonObjectContextCustomizer@5b7a7f33, org.springframework.boot.test.mock.mockito.MockitoContextCustomizer@0, org.springframework.boot.test.web.client.TestRestTemplateContextCustomizer@50378a4, org.springframework.boot.test.web.reactive.server.WebTestClientContextCustomizer@97e93f1, org.springframework.boot.test.context.SpringBootTestArgs@1, org.springframework.boot.test.context.SpringBootTestWebEnvironment@2145433b], resourceBasePath = 'src/main/webapp', contextLoader = 'org.springframework.boot.test.context.SpringBootContextLoader', parent = [null]], attributes = map['org.springframework.test.context.web.ServletTestExecutionListener.activateListener' -> true]], class annotated with @DirtiesContext [false] with mode [null].

  .   ____          _            __ _ _
 /\\ / ___'_ __ _ _(_)_ __  __ _ \ \ \ \
( ( )\___ | '_ | '_| | '_ \/ _` | \ \ \ \
 \\/  ___)| |_)| | | | | || (_| |  ) ) ) )
  '  |____| .__|_| |_|_| |_\__, | / / / /
 =========|_|==============|___/=/_/_/_/
 :: Spring Boot ::               (v2.7.17)

2024-06-04 10:56:31.714  INFO 14696 --- [           main] .b.b.i.s.s.r.s.AuthenticationManagerTest : Starting AuthenticationManagerTest using Java 17.0.9 on MSGN22811 with PID 14696 (started by kollmana in C:\Users\kollmana\Desktop\BVA Los 1\isyfact-standards-referenzimplementierung\ref-impl-isy-security-rw)
2024-06-04 10:56:31.715  INFO 14696 --- [           main] .b.b.i.s.s.r.s.AuthenticationManagerTest : No active profile set, falling back to 1 default profile: "default"
2024-06-04 10:56:32.592  INFO 14696 --- [           main] .s.d.r.c.RepositoryConfigurationDelegate : Bootstrapping Spring Data JPA repositories in DEFAULT mode.
2024-06-04 10:56:32.738  INFO 14696 --- [           main] .s.d.r.c.RepositoryConfigurationDelegate : Finished Spring Data repository scanning in 136 ms. Found 1 JPA repository interfaces.
2024-06-04 10:56:33.140  INFO 14696 --- [           main] trationDelegate$BeanPostProcessorChecker : Bean 'de.bund.bva.isyfact.security.autoconfigure.IsyOAuth2ClientAutoConfiguration$ClientsConfiguredDependentBeans' of type [de.bund.bva.isyfact.security.autoconfigure.IsyOAuth2ClientAutoConfiguration$ClientsConfiguredDependentBeans$$EnhancerBySpringCGLIB$$6cdabfc3] is not eligible for getting processed by all BeanPostProcessors (for example: not eligible for auto-proxying)
2024-06-04 10:56:33.144  INFO 14696 --- [           main] trationDelegate$BeanPostProcessorChecker : Bean 'de.bund.bva.isyfact.security.autoconfigure.IsyOAuth2ClientAutoConfiguration' of type [de.bund.bva.isyfact.security.autoconfigure.IsyOAuth2ClientAutoConfiguration] is not eligible for getting processed by all BeanPostProcessors (for example: not eligible for auto-proxying)
2024-06-04 10:56:33.149  INFO 14696 --- [           main] trationDelegate$BeanPostProcessorChecker : Bean 'org.springframework.boot.autoconfigure.security.oauth2.client.servlet.OAuth2ClientRegistrationRepositoryConfiguration' of type [org.springframework.boot.autoconfigure.security.oauth2.client.servlet.OAuth2ClientRegistrationRepositoryConfiguration] is not eligible for getting processed by all BeanPostProcessors (for example: not eligible for auto-proxying)
2024-06-04 10:56:33.166  INFO 14696 --- [           main] trationDelegate$BeanPostProcessorChecker : Bean 'spring.security.oauth2.client-org.springframework.boot.autoconfigure.security.oauth2.client.OAuth2ClientProperties' of type [org.springframework.boot.autoconfigure.security.oauth2.client.OAuth2ClientProperties] is not eligible for getting processed by all BeanPostProcessors (for example: not eligible for auto-proxying)
2024-06-04 10:56:33.589  INFO 14696 --- [           main] trationDelegate$BeanPostProcessorChecker : Bean 'clientRegistrationRepository' of type [org.springframework.security.oauth2.client.registration.InMemoryClientRegistrationRepository] is not eligible for getting processed by all BeanPostProcessors (for example: not eligible for auto-proxying)
2024-06-04 10:56:33.592  INFO 14696 --- [           main] trationDelegate$BeanPostProcessorChecker : Bean 'org.springframework.boot.autoconfigure.security.oauth2.client.servlet.OAuth2WebSecurityConfiguration' of type [org.springframework.boot.autoconfigure.security.oauth2.client.servlet.OAuth2WebSecurityConfiguration] is not eligible for getting processed by all BeanPostProcessors (for example: not eligible for auto-proxying)
2024-06-04 10:56:33.595  INFO 14696 --- [           main] trationDelegate$BeanPostProcessorChecker : Bean 'authorizedClientService' of type [org.springframework.security.oauth2.client.InMemoryOAuth2AuthorizedClientService] is not eligible for getting processed by all BeanPostProcessors (for example: not eligible for auto-proxying)
2024-06-04 10:56:33.622  INFO 14696 --- [           main] trationDelegate$BeanPostProcessorChecker : Bean 'isyAuthorizedClientManager' of type [org.springframework.security.oauth2.client.AuthorizedClientServiceOAuth2AuthorizedClientManager] is not eligible for getting processed by all BeanPostProcessors (for example: not eligible for auto-proxying)
2024-06-04 10:56:33.625  INFO 14696 --- [           main] trationDelegate$BeanPostProcessorChecker : Bean 'de.bund.bva.isyfact.security.autoconfigure.IsySecurityAutoConfiguration' of type [de.bund.bva.isyfact.security.autoconfigure.IsySecurityAutoConfiguration] is not eligible for getting processed by all BeanPostProcessors (for example: not eligible for auto-proxying)
2024-06-04 10:56:33.691  INFO 14696 --- [           main] trationDelegate$BeanPostProcessorChecker : Bean 'isySecurityProperties' of type [de.bund.bva.isyfact.security.config.IsySecurityConfigurationProperties] is not eligible for getting processed by all BeanPostProcessors (for example: not eligible for auto-proxying)
2024-06-04 10:56:33.835  INFO 14696 --- [           main] trationDelegate$BeanPostProcessorChecker : Bean 'rolePrivilegesMapper' of type [de.bund.bva.isyfact.security.xmlparser.RolePrivilegesMapper] is not eligible for getting processed by all BeanPostProcessors (for example: not eligible for auto-proxying)
2024-06-04 10:56:33.841  INFO 14696 --- [           main] trationDelegate$BeanPostProcessorChecker : Bean 'jwtAuthenticationConverter' of type [org.springframework.security.oauth2.server.resource.authentication.JwtAuthenticationConverter] is not eligible for getting processed by all BeanPostProcessors (for example: not eligible for auto-proxying)
2024-06-04 10:56:33.848  INFO 14696 --- [           main] trationDelegate$BeanPostProcessorChecker : Bean 'clientCredentialsAuthorizedClientAuthenticationProvider' of type [de.bund.bva.isyfact.security.oauth2.client.authentication.ClientCredentialsAuthorizedClientAuthenticationProvider] is not eligible for getting processed by all BeanPostProcessors (for example: not eligible for auto-proxying)
2024-06-04 10:56:33.853  INFO 14696 --- [           main] trationDelegate$BeanPostProcessorChecker : Bean 'clientCredentialsClientRegistrationAuthenticationProvider' of type [de.bund.bva.isyfact.security.oauth2.client.authentication.ClientCredentialsClientRegistrationAuthenticationProvider] is not eligible for getting processed by all BeanPostProcessors (for example: not eligible for auto-proxying)
2024-06-04 10:56:33.862  INFO 14696 --- [           main] trationDelegate$BeanPostProcessorChecker : Bean 'passwordClientRegistrationAuthenticationProvider' of type [de.bund.bva.isyfact.security.oauth2.client.authentication.PasswordClientRegistrationAuthenticationProvider] is not eligible for getting processed by all BeanPostProcessors (for example: not eligible for auto-proxying)
2024-06-04 10:56:33.874  INFO 14696 --- [           main] trationDelegate$BeanPostProcessorChecker : Bean 'providerManager' of type [org.springframework.security.authentication.ProviderManager] is not eligible for getting processed by all BeanPostProcessors (for example: not eligible for auto-proxying)
2024-06-04 10:56:33.903  INFO 14696 --- [           main] trationDelegate$BeanPostProcessorChecker : Bean 'isyOAuth2ClientProperties' of type [de.bund.bva.isyfact.security.config.IsyOAuth2ClientConfigurationProperties] is not eligible for getting processed by all BeanPostProcessors (for example: not eligible for auto-proxying)
2024-06-04 10:56:33.911  INFO 14696 --- [           main] trationDelegate$BeanPostProcessorChecker : Bean 'authentifizierungsmanager' of type [de.bund.bva.isyfact.security.oauth2.client.IsyOAuth2Authentifizierungsmanager] is not eligible for getting processed by all BeanPostProcessors (for example: not eligible for auto-proxying)
2024-06-04 10:56:33.921  INFO 14696 --- [           main] trationDelegate$BeanPostProcessorChecker : Bean 'isyOAuth2ClientAuthenticateInterceptor' of type [de.bund.bva.isyfact.security.oauth2.client.annotation.AuthenticateInterceptor] is not eligible for getting processed by all BeanPostProcessors (for example: not eligible for auto-proxying)
2024-06-04 10:56:33.927  INFO 14696 --- [           main] trationDelegate$BeanPostProcessorChecker : Bean 'de.bund.bva.isyfact.logging.autoconfigure.IsyLoggingAutoConfiguration' of type [de.bund.bva.isyfact.logging.autoconfigure.IsyLoggingAutoConfiguration$$EnhancerBySpringCGLIB$$317171f7] is not eligible for getting processed by all BeanPostProcessors (for example: not eligible for auto-proxying)
2024-06-04 10:56:33.944  INFO 14696 --- [           main] trationDelegate$BeanPostProcessorChecker : Bean 'isyLoggingComponentLoggerProperties' of type [de.bund.bva.isyfact.logging.config.IsyLoggingComponentLoggerProperties] is not eligible for getting processed by all BeanPostProcessors (for example: not eligible for auto-proxying)
2024-06-04 10:56:33.952  INFO 14696 --- [           main] trationDelegate$BeanPostProcessorChecker : Bean 'componentLogInterceptor' of type [de.bund.bva.isyfact.logging.util.LoggingMethodInterceptor] is not eligible for getting processed by all BeanPostProcessors (for example: not eligible for auto-proxying)
2024-06-04 10:56:33.961  INFO 14696 --- [           main] trationDelegate$BeanPostProcessorChecker : Bean 'componentLogAdvisorByAnnotation' of type [org.springframework.aop.support.DefaultPointcutAdvisor] is not eligible for getting processed by all BeanPostProcessors (for example: not eligible for auto-proxying)
2024-06-04 10:56:33.964  INFO 14696 --- [           main] trationDelegate$BeanPostProcessorChecker : Bean 'isyLoggingBoundaryLoggerProperties' of type [de.bund.bva.isyfact.logging.config.IsyLoggingBoundaryLoggerProperties] is not eligible for getting processed by all BeanPostProcessors (for example: not eligible for auto-proxying)
2024-06-04 10:56:34.078  INFO 14696 --- [           main] trationDelegate$BeanPostProcessorChecker : Bean 'boundaryLogInterceptor' of type [de.bund.bva.isyfact.logging.util.LoggingMethodInterceptor] is not eligible for getting processed by all BeanPostProcessors (for example: not eligible for auto-proxying)
2024-06-04 10:56:34.078  INFO 14696 --- [           main] trationDelegate$BeanPostProcessorChecker : Bean 'boundaryLogAdvisorByAnnotation' of type [org.springframework.aop.support.DefaultPointcutAdvisor] is not eligible for getting processed by all BeanPostProcessors (for example: not eligible for auto-proxying)
2024-06-04 10:56:34.320  INFO 14696 --- [           main] o.hibernate.jpa.internal.util.LogHelper  : HHH000204: Processing PersistenceUnitInfo [name: default]
2024-06-04 10:56:34.394  INFO 14696 --- [           main] org.hibernate.Version                    : HHH000412: Hibernate ORM core version 5.6.15.Final
2024-06-04 10:56:34.603  INFO 14696 --- [           main] o.hibernate.annotations.common.Version   : HCANN000001: Hibernate Commons Annotations {5.1.2.Final}
2024-06-04 10:56:34.683  INFO 14696 --- [           main] com.zaxxer.hikari.HikariDataSource       : HikariPool-1 - Starting...
2024-06-04 10:56:34.853  INFO 14696 --- [           main] com.zaxxer.hikari.HikariDataSource       : HikariPool-1 - Start completed.
2024-06-04 10:56:34.882  INFO 14696 --- [           main] org.hibernate.dialect.Dialect            : HHH000400: Using dialect: org.hibernate.dialect.H2Dialect
Hibernate: drop table if exists produkt CASCADE 
Hibernate: drop sequence if exists hibernate_sequence
Hibernate: create sequence hibernate_sequence start with 1 increment by 1
Hibernate: create table produkt (id bigint not null, beschreibung varchar(255), name varchar(255), primary key (id))
2024-06-04 10:56:35.405  INFO 14696 --- [           main] o.h.e.t.j.p.i.JtaPlatformInitiator       : HHH000490: Using JtaPlatform implementation: [org.hibernate.engine.transaction.jta.platform.internal.NoJtaPlatform]
2024-06-04 10:56:35.414  INFO 14696 --- [           main] j.LocalContainerEntityManagerFactoryBean : Initialized JPA EntityManagerFactory for persistence unit 'default'
2024-06-04 10:56:36.577  INFO 14696 --- [           main] o.s.s.web.DefaultSecurityFilterChain     : Will secure any request with [org.springframework.security.web.session.DisableEncodeUrlFilter@202b5293, org.springframework.security.web.context.request.async.WebAsyncManagerIntegrationFilter@1f4b8027, org.springframework.security.web.context.SecurityContextPersistenceFilter@4f2a9903, org.springframework.security.web.header.HeaderWriterFilter@3a286095, org.springframework.security.web.csrf.CsrfFilter@3df54fd5, org.springframework.security.web.authentication.logout.LogoutFilter@20e9b10b, org.springframework.security.oauth2.server.resource.web.BearerTokenAuthenticationFilter@714d7c7b, org.springframework.security.web.savedrequest.RequestCacheAwareFilter@17f7a1af, org.springframework.security.web.servletapi.SecurityContextHolderAwareRequestFilter@2ef63b6d, org.springframework.security.web.authentication.AnonymousAuthenticationFilter@501b15b9, org.springframework.security.web.session.SessionManagementFilter@c76762, org.springframework.security.web.access.ExceptionTranslationFilter@a2ca681, org.springframework.security.web.access.intercept.AuthorizationFilter@6e757f39]
2024-06-04 10:56:37.098  WARN 14696 --- [           main] JpaBaseConfiguration$JpaWebConfiguration : spring.jpa.open-in-view is enabled by default. Therefore, database queries may be performed during view rendering. Explicitly configure spring.jpa.open-in-view to disable this warning
2024-06-04 10:56:37.943  INFO 14696 --- [           main] d.b.b.i.l.util.LogApplicationListener    : Der ApplicationContext des Systems IsyFact-Standards-Tutorial (GA) wurde gestartet oder aktualisiert. Event: ContextRefreshedEvent
2024-06-04 10:56:37.943  INFO 14696 --- [           main] d.b.b.i.l.util.LogApplicationListener    : Die Systemversion ist 0.0.0-SNAPSHOT.
2024-06-04 10:56:37.943  INFO 14696 --- [           main] d.b.b.i.l.util.LogApplicationListener    : Der Laufzeitparameter java.version besitzt den Wert 17.0.9.
2024-06-04 10:56:37.943  INFO 14696 --- [           main] d.b.b.i.l.util.LogApplicationListener    : Der Laufzeitparameter user.timezone besitzt den Wert Europe/Berlin.
2024-06-04 10:56:37.943  INFO 14696 --- [           main] d.b.b.i.l.util.LogApplicationListener    : Der Laufzeitparameter file.encoding besitzt den Wert Cp1252.
2024-06-04 10:56:37.943  INFO 14696 --- [           main] d.b.b.i.l.util.LogApplicationListener    : Der Laufzeitparameter maxMemory besitzt den Wert 17112760320.
2024-06-04 10:56:37.947  INFO 14696 --- [           main] .b.b.i.s.s.r.s.AuthenticationManagerTest : Started AuthenticationManagerTest in 6.556 seconds (JVM running for 7.532)
]]></system-out>
  </testcase>
  <testcase name="testAuthenticateAsExplicitTechnUser" classname="de.bund.bva.isyfact.shop.service.rest.security.AuthenticationManagerTest" time="0.575"/>
  <testcase name="testAuthenticateAsExplicitClient" classname="de.bund.bva.isyfact.shop.service.rest.security.AuthenticationManagerTest" time="0.053"/>
  <testcase name="testAuthenticateAsRegisteredTechnUser" classname="de.bund.bva.isyfact.shop.service.rest.security.AuthenticationManagerTest" time="0.27"/>
</testsuite>