<?xml version="1.0" encoding="UTF-8"?>
<testsuite xmlns:xsi="http://www.w3.org/2001/XMLSchema-instance" xsi:noNamespaceSchemaLocation="https://maven.apache.org/surefire/maven-surefire-plugin/xsd/surefire-test-report-3.0.xsd" version="3.0" name="de.bund.bva.isyfact.shop.service.rest.security.AuthenticationManagerTest" time="7.112" tests="4" errors="0" skipped="0" failures="0">
  <properties>
[...]
</properties>
  <testcase name="testAuthenticateAsRegisteredClient" classname="de.bund.bva.isyfact.shop.service.rest.security.AuthenticationManagerTest" time="0.757">
    <system-out><![CDATA[16:10:30.225 [main] DEBUG org.springframework.test.context.BootstrapUtils - Instantiating CacheAwareContextLoaderDelegate from class [org.springframework.test.context.cache.DefaultCacheAwareContextLoaderDelegate]
16:10:30.230 [main] DEBUG org.springframework.test.context.BootstrapUtils - Instantiating BootstrapContext using constructor [public org.springframework.test.context.support.DefaultBootstrapContext(java.lang.Class,org.springframework.test.context.CacheAwareContextLoaderDelegate)]
16:10:30.251 [main] DEBUG org.springframework.test.context.BootstrapUtils - Instantiating TestContextBootstrapper for test class [de.bund.bva.isyfact.shop.service.rest.security.AuthenticationManagerTest] from class [org.springframework.boot.test.context.SpringBootTestContextBootstrapper]
16:10:30.257 [main] INFO org.springframework.boot.test.context.SpringBootTestContextBootstrapper - Neither @ContextConfiguration nor @ContextHierarchy found for test class [de.bund.bva.isyfact.shop.service.rest.security.AuthenticationManagerTest], using SpringBootContextLoader
16:10:30.259 [main] DEBUG org.springframework.test.context.support.AbstractContextLoader - Did not detect default resource location for test class [de.bund.bva.isyfact.shop.service.rest.security.AuthenticationManagerTest]: class path resource [de/bund/bva/isyfact/shop/service/rest/security/AuthenticationManagerTest-context.xml] does not exist
16:10:30.259 [main] DEBUG org.springframework.test.context.support.AbstractContextLoader - Did not detect default resource location for test class [de.bund.bva.isyfact.shop.service.rest.security.AuthenticationManagerTest]: class path resource [de/bund/bva/isyfact/shop/service/rest/security/AuthenticationManagerTestContext.groovy] does not exist
16:10:30.259 [main] INFO org.springframework.test.context.support.AbstractContextLoader - Could not detect default resource locations for test class [de.bund.bva.isyfact.shop.service.rest.security.AuthenticationManagerTest]: no resource found for suffixes {-context.xml, Context.groovy}.
16:10:30.288 [main] DEBUG org.springframework.test.context.support.ActiveProfilesUtils - Could not find an 'annotation declaring class' for annotation type [org.springframework.test.context.ActiveProfiles] and class [de.bund.bva.isyfact.shop.service.rest.security.AuthenticationManagerTest]
16:10:30.364 [main] DEBUG org.springframework.boot.test.context.SpringBootTestContextBootstrapper - @TestExecutionListeners is not present for class [de.bund.bva.isyfact.shop.service.rest.security.AuthenticationManagerTest]: using defaults.
16:10:30.365 [main] INFO org.springframework.boot.test.context.SpringBootTestContextBootstrapper - Loaded default TestExecutionListener class names from location [META-INF/spring.factories]: [org.springframework.boot.test.autoconfigure.restdocs.RestDocsTestExecutionListener, org.springframework.boot.test.autoconfigure.web.client.MockRestServiceServerResetTestExecutionListener, org.springframework.boot.test.autoconfigure.web.servlet.MockMvcPrintOnlyOnFailureTestExecutionListener, org.springframework.boot.test.autoconfigure.web.servlet.WebDriverTestExecutionListener, org.springframework.boot.test.autoconfigure.webservices.client.MockWebServiceServerTestExecutionListener, org.springframework.boot.test.mock.mockito.MockitoTestExecutionListener, org.springframework.boot.test.mock.mockito.ResetMocksTestExecutionListener, org.springframework.test.context.web.ServletTestExecutionListener, org.springframework.test.context.support.DirtiesContextBeforeModesTestExecutionListener, org.springframework.test.context.event.ApplicationEventsTestExecutionListener, org.springframework.test.context.support.DependencyInjectionTestExecutionListener, org.springframework.test.context.support.DirtiesContextTestExecutionListener, org.springframework.test.context.transaction.TransactionalTestExecutionListener, org.springframework.test.context.jdbc.SqlScriptsTestExecutionListener, org.springframework.test.context.event.EventPublishingTestExecutionListener]
16:10:30.375 [main] INFO org.springframework.boot.test.context.SpringBootTestContextBootstrapper - Using TestExecutionListeners: [org.springframework.test.context.web.ServletTestExecutionListener@16ce702d, org.springframework.test.context.support.DirtiesContextBeforeModesTestExecutionListener@7b94089b, org.springframework.test.context.event.ApplicationEventsTestExecutionListener@7ca20101, org.springframework.boot.test.mock.mockito.MockitoTestExecutionListener@47f9738, org.springframework.boot.test.autoconfigure.SpringBootDependencyInjectionTestExecutionListener@6155d082, org.springframework.test.context.support.DirtiesContextTestExecutionListener@3a5ecce3, org.springframework.test.context.transaction.TransactionalTestExecutionListener@561868a0, org.springframework.test.context.jdbc.SqlScriptsTestExecutionListener@2ea6e30c, org.springframework.test.context.event.EventPublishingTestExecutionListener@6138e79a, org.springframework.boot.test.autoconfigure.restdocs.RestDocsTestExecutionListener@2dcd168a, org.springframework.boot.test.autoconfigure.web.client.MockRestServiceServerResetTestExecutionListener@388526fb, org.springframework.boot.test.autoconfigure.web.servlet.MockMvcPrintOnlyOnFailureTestExecutionListener@21a21c64, org.springframework.boot.test.autoconfigure.web.servlet.WebDriverTestExecutionListener@7803bfd, org.springframework.boot.test.autoconfigure.webservices.client.MockWebServiceServerTestExecutionListener@42bc14c1, org.springframework.boot.test.mock.mockito.ResetMocksTestExecutionListener@531f4093]
16:10:30.377 [main] DEBUG org.springframework.test.context.support.AbstractDirtiesContextTestExecutionListener - Before test class: context [DefaultTestContext@6995bf68 testClass = AuthenticationManagerTest, testInstance = [null], testMethod = [null], testException = [null], mergedContextConfiguration = [WebMergedContextConfiguration@5143c662 testClass = AuthenticationManagerTest, locations = '{}', classes = '{class de.bund.bva.isyfact.shop.RestApplicationRW}', contextInitializerClasses = '[]', activeProfiles = '{}', propertySourceLocations = '{}', propertySourceProperties = '{org.springframework.boot.test.context.SpringBootTestContextBootstrapper=true}', contextCustomizers = set[org.springframework.boot.test.autoconfigure.actuate.metrics.MetricsExportContextCustomizerFactory$DisableMetricExportContextCustomizer@6b695b06, org.springframework.boot.test.autoconfigure.properties.PropertyMappingContextCustomizer@0, org.springframework.boot.test.autoconfigure.web.servlet.WebDriverContextCustomizerFactory$Customizer@55cb6996, org.springframework.boot.test.context.filter.ExcludeFilterContextCustomizer@26abb146, org.springframework.boot.test.json.DuplicateJsonObjectContextCustomizerFactory$DuplicateJsonObjectContextCustomizer@5b7a7f33, org.springframework.boot.test.mock.mockito.MockitoContextCustomizer@0, org.springframework.boot.test.web.client.TestRestTemplateContextCustomizer@50378a4, org.springframework.boot.test.web.reactive.server.WebTestClientContextCustomizer@97e93f1, org.springframework.boot.test.context.SpringBootTestArgs@1, org.springframework.boot.test.context.SpringBootTestWebEnvironment@2145433b], resourceBasePath = 'src/main/webapp', contextLoader = 'org.springframework.boot.test.context.SpringBootContextLoader', parent = [null]], attributes = map['org.springframework.test.context.web.ServletTestExecutionListener.activateListener' -> true]], class annotated with @DirtiesContext [false] with mode [null].

  .   ____          _            __ _ _
 /\\ / ___'_ __ _ _(_)_ __  __ _ \ \ \ \
( ( )\___ | '_ | '_| | '_ \/ _` | \ \ \ \
 \\/  ___)| |_)| | | | | || (_| |  ) ) ) )
  '  |____| .__|_| |_|_| |_\__, | / / / /
 =========|_|==============|___/=/_/_/_/
 :: Spring Boot ::               (v2.7.17)

2024-05-16 16:10:30.645  INFO 10112 --- [           main] .b.b.i.s.s.r.s.AuthenticationManagerTest : Starting AuthenticationManagerTest using Java 17.0.9 on MSGN24432 with PID 10112 (started by mayrk in C:\Users\mayrk\git\isyfact-standards-referenzimplementierung\ref-impl-isy-security-rw)
2024-05-16 16:10:30.646  INFO 10112 --- [           main] .b.b.i.s.s.r.s.AuthenticationManagerTest : No active profile set, falling back to 1 default profile: "default"
2024-05-16 16:10:31.347  INFO 10112 --- [           main] .s.d.r.c.RepositoryConfigurationDelegate : Bootstrapping Spring Data JPA repositories in DEFAULT mode.
2024-05-16 16:10:31.471  INFO 10112 --- [           main] .s.d.r.c.RepositoryConfigurationDelegate : Finished Spring Data repository scanning in 111 ms. Found 1 JPA repository interfaces.
2024-05-16 16:10:31.839  INFO 10112 --- [           main] trationDelegate$BeanPostProcessorChecker : Bean 'de.bund.bva.isyfact.security.autoconfigure.IsyOAuth2ClientAutoConfiguration$ClientsConfiguredDependentBeans' of type [de.bund.bva.isyfact.security.autoconfigure.IsyOAuth2ClientAutoConfiguration$ClientsConfiguredDependentBeans$$EnhancerBySpringCGLIB$$6cdabfc3] is not eligible for getting processed by all BeanPostProcessors (for example: not eligible for auto-proxying)
2024-05-16 16:10:31.848  INFO 10112 --- [           main] trationDelegate$BeanPostProcessorChecker : Bean 'de.bund.bva.isyfact.security.autoconfigure.IsyOAuth2ClientAutoConfiguration' of type [de.bund.bva.isyfact.security.autoconfigure.IsyOAuth2ClientAutoConfiguration] is not eligible for getting processed by all BeanPostProcessors (for example: not eligible for auto-proxying)
2024-05-16 16:10:31.856  INFO 10112 --- [           main] trationDelegate$BeanPostProcessorChecker : Bean 'org.springframework.boot.autoconfigure.security.oauth2.client.servlet.OAuth2ClientRegistrationRepositoryConfiguration' of type [org.springframework.boot.autoconfigure.security.oauth2.client.servlet.OAuth2ClientRegistrationRepositoryConfiguration] is not eligible for getting processed by all BeanPostProcessors (for example: not eligible for auto-proxying)
2024-05-16 16:10:31.870  INFO 10112 --- [           main] trationDelegate$BeanPostProcessorChecker : Bean 'spring.security.oauth2.client-org.springframework.boot.autoconfigure.security.oauth2.client.OAuth2ClientProperties' of type [org.springframework.boot.autoconfigure.security.oauth2.client.OAuth2ClientProperties] is not eligible for getting processed by all BeanPostProcessors (for example: not eligible for auto-proxying)
2024-05-16 16:10:32.396  INFO 10112 --- [           main] trationDelegate$BeanPostProcessorChecker : Bean 'clientRegistrationRepository' of type [org.springframework.security.oauth2.client.registration.InMemoryClientRegistrationRepository] is not eligible for getting processed by all BeanPostProcessors (for example: not eligible for auto-proxying)
2024-05-16 16:10:32.399  INFO 10112 --- [           main] trationDelegate$BeanPostProcessorChecker : Bean 'org.springframework.boot.autoconfigure.security.oauth2.client.servlet.OAuth2WebSecurityConfiguration' of type [org.springframework.boot.autoconfigure.security.oauth2.client.servlet.OAuth2WebSecurityConfiguration] is not eligible for getting processed by all BeanPostProcessors (for example: not eligible for auto-proxying)
2024-05-16 16:10:32.402  INFO 10112 --- [           main] trationDelegate$BeanPostProcessorChecker : Bean 'authorizedClientService' of type [org.springframework.security.oauth2.client.InMemoryOAuth2AuthorizedClientService] is not eligible for getting processed by all BeanPostProcessors (for example: not eligible for auto-proxying)
2024-05-16 16:10:32.432  INFO 10112 --- [           main] trationDelegate$BeanPostProcessorChecker : Bean 'isyAuthorizedClientManager' of type [org.springframework.security.oauth2.client.AuthorizedClientServiceOAuth2AuthorizedClientManager] is not eligible for getting processed by all BeanPostProcessors (for example: not eligible for auto-proxying)
2024-05-16 16:10:32.435  INFO 10112 --- [           main] trationDelegate$BeanPostProcessorChecker : Bean 'de.bund.bva.isyfact.security.autoconfigure.IsySecurityAutoConfiguration' of type [de.bund.bva.isyfact.security.autoconfigure.IsySecurityAutoConfiguration] is not eligible for getting processed by all BeanPostProcessors (for example: not eligible for auto-proxying)
2024-05-16 16:10:32.495  INFO 10112 --- [           main] trationDelegate$BeanPostProcessorChecker : Bean 'isySecurityProperties' of type [de.bund.bva.isyfact.security.config.IsySecurityConfigurationProperties] is not eligible for getting processed by all BeanPostProcessors (for example: not eligible for auto-proxying)
2024-05-16 16:10:32.631  INFO 10112 --- [           main] trationDelegate$BeanPostProcessorChecker : Bean 'rolePrivilegesMapper' of type [de.bund.bva.isyfact.security.xmlparser.RolePrivilegesMapper] is not eligible for getting processed by all BeanPostProcessors (for example: not eligible for auto-proxying)
2024-05-16 16:10:32.638  INFO 10112 --- [           main] trationDelegate$BeanPostProcessorChecker : Bean 'jwtAuthenticationConverter' of type [org.springframework.security.oauth2.server.resource.authentication.JwtAuthenticationConverter] is not eligible for getting processed by all BeanPostProcessors (for example: not eligible for auto-proxying)
2024-05-16 16:10:32.645  INFO 10112 --- [           main] trationDelegate$BeanPostProcessorChecker : Bean 'clientCredentialsAuthorizedClientAuthenticationProvider' of type [de.bund.bva.isyfact.security.oauth2.client.authentication.ClientCredentialsAuthorizedClientAuthenticationProvider] is not eligible for getting processed by all BeanPostProcessors (for example: not eligible for auto-proxying)
2024-05-16 16:10:32.648  INFO 10112 --- [           main] trationDelegate$BeanPostProcessorChecker : Bean 'clientCredentialsClientRegistrationAuthenticationProvider' of type [de.bund.bva.isyfact.security.oauth2.client.authentication.ClientCredentialsClientRegistrationAuthenticationProvider] is not eligible for getting processed by all BeanPostProcessors (for example: not eligible for auto-proxying)
2024-05-16 16:10:32.657  INFO 10112 --- [           main] trationDelegate$BeanPostProcessorChecker : Bean 'passwordClientRegistrationAuthenticationProvider' of type [de.bund.bva.isyfact.security.oauth2.client.authentication.PasswordClientRegistrationAuthenticationProvider] is not eligible for getting processed by all BeanPostProcessors (for example: not eligible for auto-proxying)
2024-05-16 16:10:32.667  INFO 10112 --- [           main] trationDelegate$BeanPostProcessorChecker : Bean 'providerManager' of type [org.springframework.security.authentication.ProviderManager] is not eligible for getting processed by all BeanPostProcessors (for example: not eligible for auto-proxying)
2024-05-16 16:10:32.691  INFO 10112 --- [           main] trationDelegate$BeanPostProcessorChecker : Bean 'isyOAuth2ClientProperties' of type [de.bund.bva.isyfact.security.config.IsyOAuth2ClientConfigurationProperties] is not eligible for getting processed by all BeanPostProcessors (for example: not eligible for auto-proxying)
2024-05-16 16:10:32.698  INFO 10112 --- [           main] trationDelegate$BeanPostProcessorChecker : Bean 'authentifizierungsmanager' of type [de.bund.bva.isyfact.security.oauth2.client.IsyOAuth2Authentifizierungsmanager] is not eligible for getting processed by all BeanPostProcessors (for example: not eligible for auto-proxying)
2024-05-16 16:10:32.704  INFO 10112 --- [           main] trationDelegate$BeanPostProcessorChecker : Bean 'isyOAuth2ClientAuthenticateInterceptor' of type [de.bund.bva.isyfact.security.oauth2.client.annotation.AuthenticateInterceptor] is not eligible for getting processed by all BeanPostProcessors (for example: not eligible for auto-proxying)
2024-05-16 16:10:32.706  INFO 10112 --- [           main] trationDelegate$BeanPostProcessorChecker : Bean 'de.bund.bva.isyfact.logging.autoconfigure.IsyLoggingAutoConfiguration' of type [de.bund.bva.isyfact.logging.autoconfigure.IsyLoggingAutoConfiguration$$EnhancerBySpringCGLIB$$317171f7] is not eligible for getting processed by all BeanPostProcessors (for example: not eligible for auto-proxying)
2024-05-16 16:10:32.714  INFO 10112 --- [           main] trationDelegate$BeanPostProcessorChecker : Bean 'isyLoggingComponentLoggerProperties' of type [de.bund.bva.isyfact.logging.config.IsyLoggingComponentLoggerProperties] is not eligible for getting processed by all BeanPostProcessors (for example: not eligible for auto-proxying)
2024-05-16 16:10:32.748  INFO 10112 --- [           main] trationDelegate$BeanPostProcessorChecker : Bean 'componentLogInterceptor' of type [de.bund.bva.isyfact.logging.util.LoggingMethodInterceptor] is not eligible for getting processed by all BeanPostProcessors (for example: not eligible for auto-proxying)
2024-05-16 16:10:32.754  INFO 10112 --- [           main] trationDelegate$BeanPostProcessorChecker : Bean 'componentLogAdvisorByAnnotation' of type [org.springframework.aop.support.DefaultPointcutAdvisor] is not eligible for getting processed by all BeanPostProcessors (for example: not eligible for auto-proxying)
2024-05-16 16:10:32.757  INFO 10112 --- [           main] trationDelegate$BeanPostProcessorChecker : Bean 'isyLoggingBoundaryLoggerProperties' of type [de.bund.bva.isyfact.logging.config.IsyLoggingBoundaryLoggerProperties] is not eligible for getting processed by all BeanPostProcessors (for example: not eligible for auto-proxying)
2024-05-16 16:10:32.828  INFO 10112 --- [           main] trationDelegate$BeanPostProcessorChecker : Bean 'boundaryLogInterceptor' of type [de.bund.bva.isyfact.logging.util.LoggingMethodInterceptor] is not eligible for getting processed by all BeanPostProcessors (for example: not eligible for auto-proxying)
2024-05-16 16:10:32.828  INFO 10112 --- [           main] trationDelegate$BeanPostProcessorChecker : Bean 'boundaryLogAdvisorByAnnotation' of type [org.springframework.aop.support.DefaultPointcutAdvisor] is not eligible for getting processed by all BeanPostProcessors (for example: not eligible for auto-proxying)
2024-05-16 16:10:33.044  INFO 10112 --- [           main] o.hibernate.jpa.internal.util.LogHelper  : HHH000204: Processing PersistenceUnitInfo [name: default]
2024-05-16 16:10:33.091  INFO 10112 --- [           main] org.hibernate.Version                    : HHH000412: Hibernate ORM core version 5.6.15.Final
2024-05-16 16:10:33.249  INFO 10112 --- [           main] o.hibernate.annotations.common.Version   : HCANN000001: Hibernate Commons Annotations {5.1.2.Final}
2024-05-16 16:10:33.303  INFO 10112 --- [           main] com.zaxxer.hikari.HikariDataSource       : HikariPool-1 - Starting...
2024-05-16 16:10:33.412  INFO 10112 --- [           main] com.zaxxer.hikari.HikariDataSource       : HikariPool-1 - Start completed.
2024-05-16 16:10:33.428  INFO 10112 --- [           main] org.hibernate.dialect.Dialect            : HHH000400: Using dialect: org.hibernate.dialect.H2Dialect
Hibernate: drop table if exists produkt CASCADE 
Hibernate: drop sequence if exists hibernate_sequence
Hibernate: create sequence hibernate_sequence start with 1 increment by 1
Hibernate: create table produkt (id bigint not null, beschreibung varchar(255), name varchar(255), primary key (id))
2024-05-16 16:10:33.869  INFO 10112 --- [           main] o.h.e.t.j.p.i.JtaPlatformInitiator       : HHH000490: Using JtaPlatform implementation: [org.hibernate.engine.transaction.jta.platform.internal.NoJtaPlatform]
2024-05-16 16:10:33.875  INFO 10112 --- [           main] j.LocalContainerEntityManagerFactoryBean : Initialized JPA EntityManagerFactory for persistence unit 'default'
2024-05-16 16:10:34.698  INFO 10112 --- [           main] o.s.s.web.DefaultSecurityFilterChain     : Will secure any request with [org.springframework.security.web.session.DisableEncodeUrlFilter@22942eff, org.springframework.security.web.context.request.async.WebAsyncManagerIntegrationFilter@26bbbe9e, org.springframework.security.web.context.SecurityContextPersistenceFilter@5af7e2f, org.springframework.security.web.header.HeaderWriterFilter@5bfeb9ba, org.springframework.security.web.csrf.CsrfFilter@2468c0e4, org.springframework.security.web.authentication.logout.LogoutFilter@192aeae2, org.springframework.security.oauth2.server.resource.web.BearerTokenAuthenticationFilter@2530baf6, org.springframework.security.web.savedrequest.RequestCacheAwareFilter@395abe85, org.springframework.security.web.servletapi.SecurityContextHolderAwareRequestFilter@4f1aa2bc, org.springframework.security.web.authentication.AnonymousAuthenticationFilter@2ebd6a0d, org.springframework.security.web.session.SessionManagementFilter@267a8777, org.springframework.security.web.access.ExceptionTranslationFilter@74cf2d5f, org.springframework.security.web.access.intercept.AuthorizationFilter@42d96745]
2024-05-16 16:10:35.051  WARN 10112 --- [           main] JpaBaseConfiguration$JpaWebConfiguration : spring.jpa.open-in-view is enabled by default. Therefore, database queries may be performed during view rendering. Explicitly configure spring.jpa.open-in-view to disable this warning
2024-05-16 16:10:35.880  INFO 10112 --- [           main] d.b.b.i.l.util.LogApplicationListener    : Der ApplicationContext des Systems IsyFact-Standards-Tutorial (GA) wurde gestartet oder aktualisiert. Event: ContextRefreshedEvent
2024-05-16 16:10:35.880  INFO 10112 --- [           main] d.b.b.i.l.util.LogApplicationListener    : Die Systemversion ist 0.0.0-SNAPSHOT.
2024-05-16 16:10:35.880  INFO 10112 --- [           main] d.b.b.i.l.util.LogApplicationListener    : Der Laufzeitparameter java.version besitzt den Wert 17.0.9.
2024-05-16 16:10:35.880  INFO 10112 --- [           main] d.b.b.i.l.util.LogApplicationListener    : Der Laufzeitparameter user.timezone besitzt den Wert Europe/Berlin.
2024-05-16 16:10:35.880  INFO 10112 --- [           main] d.b.b.i.l.util.LogApplicationListener    : Der Laufzeitparameter file.encoding besitzt den Wert Cp1252.
2024-05-16 16:10:35.880  INFO 10112 --- [           main] d.b.b.i.l.util.LogApplicationListener    : Der Laufzeitparameter maxMemory besitzt den Wert 17095983104.
2024-05-16 16:10:35.884  INFO 10112 --- [           main] .b.b.i.s.s.r.s.AuthenticationManagerTest : Started AuthenticationManagerTest in 5.482 seconds (JVM running for 6.236)
]]></system-out>
  </testcase>
  <testcase name="testAuthenticateAsExplicitTechnUser" classname="de.bund.bva.isyfact.shop.service.rest.security.AuthenticationManagerTest" time="0.405"/>
  <testcase name="testAuthenticateAsExplicitClient" classname="de.bund.bva.isyfact.shop.service.rest.security.AuthenticationManagerTest" time="0.041"/>
  <testcase name="testAuthenticateAsRegisteredTechnUser" classname="de.bund.bva.isyfact.shop.service.rest.security.AuthenticationManagerTest" time="0.179"/>
</testsuite>