<?xml version="1.0" encoding="UTF-8"?>
<testsuite xmlns:xsi="http://www.w3.org/2001/XMLSchema-instance" xsi:noNamespaceSchemaLocation="https://maven.apache.org/surefire/maven-surefire-plugin/xsd/surefire-test-report-3.0.xsd" version="3.0" name="de.bund.bva.isyfact.shop.service.rest.security.SecuredResourceTest" time="0.357" tests="3" errors="0" skipped="0" failures="0">
  <properties>
[...]
</properties>
  <testcase name="testAccessingSecuredResourceWithCorrectAuthentication" classname="de.bund.bva.isyfact.shop.service.rest.security.SecuredResourceTest" time="0.063">
    <system-out><![CDATA[2024-06-04 10:56:40.234  INFO 14696 --- [           main] .b.t.c.SpringBootTestContextBootstrapper : Neither @ContextConfiguration nor @ContextHierarchy found for test class [de.bund.bva.isyfact.shop.service.rest.security.SecuredResourceTest], using SpringBootContextLoader
2024-06-04 10:56:40.235  INFO 14696 --- [           main] o.s.t.c.support.AbstractContextLoader    : Could not detect default resource locations for test class [de.bund.bva.isyfact.shop.service.rest.security.SecuredResourceTest]: no resource found for suffixes {-context.xml, Context.groovy}.
2024-06-04 10:56:40.237  INFO 14696 --- [           main] .b.t.c.SpringBootTestContextBootstrapper : Loaded default TestExecutionListener class names from location [META-INF/spring.factories]: [org.springframework.boot.test.autoconfigure.restdocs.RestDocsTestExecutionListener, org.springframework.boot.test.autoconfigure.web.client.MockRestServiceServerResetTestExecutionListener, org.springframework.boot.test.autoconfigure.web.servlet.MockMvcPrintOnlyOnFailureTestExecutionListener, org.springframework.boot.test.autoconfigure.web.servlet.WebDriverTestExecutionListener, org.springframework.boot.test.autoconfigure.webservices.client.MockWebServiceServerTestExecutionListener, org.springframework.boot.test.mock.mockito.MockitoTestExecutionListener, org.springframework.boot.test.mock.mockito.ResetMocksTestExecutionListener, org.springframework.test.context.web.ServletTestExecutionListener, org.springframework.test.context.support.DirtiesContextBeforeModesTestExecutionListener, org.springframework.test.context.event.ApplicationEventsTestExecutionListener, org.springframework.test.context.support.DependencyInjectionTestExecutionListener, org.springframework.test.context.support.DirtiesContextTestExecutionListener, org.springframework.test.context.transaction.TransactionalTestExecutionListener, org.springframework.test.context.jdbc.SqlScriptsTestExecutionListener, org.springframework.test.context.event.EventPublishingTestExecutionListener]
2024-06-04 10:56:40.238  INFO 14696 --- [           main] .b.t.c.SpringBootTestContextBootstrapper : Using TestExecutionListeners: [org.springframework.test.context.web.ServletTestExecutionListener@7fec354, org.springframework.test.context.support.DirtiesContextBeforeModesTestExecutionListener@1828eff, org.springframework.test.context.event.ApplicationEventsTestExecutionListener@5118c7fb, org.springframework.boot.test.mock.mockito.MockitoTestExecutionListener@792b0cad, org.springframework.boot.test.autoconfigure.SpringBootDependencyInjectionTestExecutionListener@8be84bf, org.springframework.test.context.support.DirtiesContextTestExecutionListener@1d5e0621, org.springframework.test.context.transaction.TransactionalTestExecutionListener@aee3d6e, org.springframework.test.context.jdbc.SqlScriptsTestExecutionListener@2b8106fa, org.springframework.test.context.event.EventPublishingTestExecutionListener@57e6f449, org.springframework.boot.test.autoconfigure.restdocs.RestDocsTestExecutionListener@3a649f9a, org.springframework.boot.test.autoconfigure.web.client.MockRestServiceServerResetTestExecutionListener@419ac0f5, org.springframework.boot.test.autoconfigure.web.servlet.MockMvcPrintOnlyOnFailureTestExecutionListener@628fa8ea, org.springframework.boot.test.autoconfigure.web.servlet.WebDriverTestExecutionListener@2ab4c4e, org.springframework.boot.test.autoconfigure.webservices.client.MockWebServiceServerTestExecutionListener@1cad8bce, org.springframework.boot.test.mock.mockito.ResetMocksTestExecutionListener@ba77dc6]
Hibernate: select produkt0_.id as id1_0_0_, produkt0_.beschreibung as beschrei2_0_0_, produkt0_.name as name3_0_0_ from produkt produkt0_ where produkt0_.id=?
Hibernate: update produkt set beschreibung=?, name=? where id=?
]]></system-out>
  </testcase>
  <testcase name="testAccessingSecuredResourceWithWrongAuthentication" classname="de.bund.bva.isyfact.shop.service.rest.security.SecuredResourceTest" time="0.283"/>
  <testcase name="testAcessingSecuredResourceWithoutAuthentication" classname="de.bund.bva.isyfact.shop.service.rest.security.SecuredResourceTest" time="0.002"/>
</testsuite>